# Logfile created on 2015-11-23 08:58:23 +0100 by logger.rb/47272
D, [2015-11-23T08:58:23.375313 #96110] DEBUG -- : DRAGONFLY: shell command: 'identify' '-ping' '-format' '%m %w %h' '/var/folders/dr/0yjch_bx0kjdlvx7fhnrzn700000gn/T/RackMultipart20151123-96110-1ff4qin.jpg'
D, [2015-11-23T08:58:23.430609 #96110] DEBUG -- : DRAGONFLY: shell command: 'convert' '/var/folders/dr/0yjch_bx0kjdlvx7fhnrzn700000gn/T/RackMultipart20151123-96110-1ff4qin.jpg' '-resize' '120x120^^' '-gravity' 'Center' '-crop' '120x120+0+0' '+repage' '/var/folders/dr/0yjch_bx0kjdlvx7fhnrzn700000gn/T/dragonfly20151123-96110-kcv7tz.jpg'
D, [2015-11-23T08:58:23.454549 #96110] DEBUG -- : DRAGONFLY: shell command: 'identify' '-ping' '-format' '%m %w %h' '/var/folders/dr/0yjch_bx0kjdlvx7fhnrzn700000gn/T/dragonfly20151123-96110-kcv7tz.jpg'
D, [2015-11-23T10:40:17.496572 #98176] DEBUG -- : DRAGONFLY: shell command: 'identify' '-ping' '-format' '%m %w %h' '/var/folders/dr/0yjch_bx0kjdlvx7fhnrzn700000gn/T/RackMultipart20151123-98176-1ptly1x.jpg'
D, [2015-11-23T10:40:17.538354 #98176] DEBUG -- : DRAGONFLY: shell command: 'convert' '/var/folders/dr/0yjch_bx0kjdlvx7fhnrzn700000gn/T/RackMultipart20151123-98176-1ptly1x.jpg' '-resize' '120x120^^' '-gravity' 'Center' '-crop' '120x120+0+0' '+repage' '/var/folders/dr/0yjch_bx0kjdlvx7fhnrzn700000gn/T/dragonfly20151123-98176-1ufeyky.jpg'
D, [2015-11-23T10:40:17.579958 #98176] DEBUG -- : DRAGONFLY: shell command: 'identify' '-ping' '-format' '%m %w %h' '/var/folders/dr/0yjch_bx0kjdlvx7fhnrzn700000gn/T/dragonfly20151123-98176-1ufeyky.jpg'
D, [2015-11-23T11:26:59.320804 #99270] DEBUG -- : DRAGONFLY: shell command: 'identify' '-ping' '-format' '%m %w %h' '/var/folders/dr/0yjch_bx0kjdlvx7fhnrzn700000gn/T/cells.jpg20151123-99270-cb25a8'
D, [2015-11-23T11:26:59.339960 #99270] DEBUG -- : DRAGONFLY: shell command: 'convert' '/var/folders/dr/0yjch_bx0kjdlvx7fhnrzn700000gn/T/cells.jpg20151123-99270-cb25a8' '-resize' '120x120^^' '-gravity' 'Center' '-crop' '120x120+0+0' '+repage' '/var/folders/dr/0yjch_bx0kjdlvx7fhnrzn700000gn/T/dragonfly20151123-99270-quh4jx.jpg'
D, [2015-11-23T11:26:59.359373 #99270] DEBUG -- : DRAGONFLY: shell command: 'identify' '-ping' '-format' '%m %w %h' '/var/folders/dr/0yjch_bx0kjdlvx7fhnrzn700000gn/T/dragonfly20151123-99270-quh4jx.jpg'
D, [2015-11-23T11:37:20.107321 #99510] DEBUG -- : DRAGONFLY: shell command: 'identify' '-ping' '-format' '%m %w %h' '/var/folders/dr/0yjch_bx0kjdlvx7fhnrzn700000gn/T/RackMultipart20151123-99510-ut5ffj.jpg'
D, [2015-11-23T11:37:20.119382 #99510] DEBUG -- : DRAGONFLY: shell command: 'convert' '/var/folders/dr/0yjch_bx0kjdlvx7fhnrzn700000gn/T/RackMultipart20151123-99510-ut5ffj.jpg' '-resize' '120x120^^' '-gravity' 'Center' '-crop' '120x120+0+0' '+repage' '/var/folders/dr/0yjch_bx0kjdlvx7fhnrzn700000gn/T/dragonfly20151123-99510-4xmv7z.jpg'
D, [2015-11-23T11:37:20.137013 #99510] DEBUG -- : DRAGONFLY: shell command: 'identify' '-ping' '-format' '%m %w %h' '/var/folders/dr/0yjch_bx0kjdlvx7fhnrzn700000gn/T/dragonfly20151123-99510-4xmv7z.jpg'
D, [2015-11-23T11:40:30.784020 #99756] DEBUG -- : DRAGONFLY: shell command: 'identify' '-ping' '-format' '%m %w %h' '/var/folders/dr/0yjch_bx0kjdlvx7fhnrzn700000gn/T/cells.jpg20151123-99756-9udvvt'
D, [2015-11-23T11:40:30.799171 #99756] DEBUG -- : DRAGONFLY: shell command: 'convert' '/var/folders/dr/0yjch_bx0kjdlvx7fhnrzn700000gn/T/cells.jpg20151123-99756-9udvvt' '-resize' '120x120^^' '-gravity' 'Center' '-crop' '120x120+0+0' '+repage' '/var/folders/dr/0yjch_bx0kjdlvx7fhnrzn700000gn/T/dragonfly20151123-99756-1uauytz.jpg'
D, [2015-11-23T11:40:30.820448 #99756] DEBUG -- : DRAGONFLY: shell command: 'identify' '-ping' '-format' '%m %w %h' '/var/folders/dr/0yjch_bx0kjdlvx7fhnrzn700000gn/T/dragonfly20151123-99756-1uauytz.jpg'
D, [2015-11-23T11:45:43.324631 #99836] DEBUG -- : DRAGONFLY: shell command: 'identify' '-ping' '-format' '%m %w %h' '/var/folders/dr/0yjch_bx0kjdlvx7fhnrzn700000gn/T/cells.jpg20151123-99836-1j3nc3c'
D, [2015-11-23T11:45:43.339420 #99836] DEBUG -- : DRAGONFLY: shell command: 'convert' '/var/folders/dr/0yjch_bx0kjdlvx7fhnrzn700000gn/T/cells.jpg20151123-99836-1j3nc3c' '-resize' '120x120^^' '-gravity' 'Center' '-crop' '120x120+0+0' '+repage' '/var/folders/dr/0yjch_bx0kjdlvx7fhnrzn700000gn/T/dragonfly20151123-99836-1e2bklf.jpg'
D, [2015-11-23T11:45:43.359871 #99836] DEBUG -- : DRAGONFLY: shell command: 'identify' '-ping' '-format' '%m %w %h' '/var/folders/dr/0yjch_bx0kjdlvx7fhnrzn700000gn/T/dragonfly20151123-99836-1e2bklf.jpg'
D, [2015-11-23T11:46:12.133467 #99867] DEBUG -- : DRAGONFLY: shell command: 'identify' '-ping' '-format' '%m %w %h' '/var/folders/dr/0yjch_bx0kjdlvx7fhnrzn700000gn/T/cells.jpg20151123-99867-1l2yjuq'
D, [2015-11-23T11:46:12.148066 #99867] DEBUG -- : DRAGONFLY: shell command: 'convert' '/var/folders/dr/0yjch_bx0kjdlvx7fhnrzn700000gn/T/cells.jpg20151123-99867-1l2yjuq' '-resize' '120x120^^' '-gravity' 'Center' '-crop' '120x120+0+0' '+repage' '/var/folders/dr/0yjch_bx0kjdlvx7fhnrzn700000gn/T/dragonfly20151123-99867-8p5pl4.jpg'
D, [2015-11-23T11:46:12.168730 #99867] DEBUG -- : DRAGONFLY: shell command: 'identify' '-ping' '-format' '%m %w %h' '/var/folders/dr/0yjch_bx0kjdlvx7fhnrzn700000gn/T/dragonfly20151123-99867-8p5pl4.jpg'
D, [2015-11-23T11:49:43.770219 #99926] DEBUG -- : DRAGONFLY: shell command: 'identify' '-ping' '-format' '%m %w %h' '/var/folders/dr/0yjch_bx0kjdlvx7fhnrzn700000gn/T/cells.jpg20151123-99926-1xs2lf3'
D, [2015-11-23T11:49:43.786100 #99926] DEBUG -- : DRAGONFLY: shell command: 'convert' '/var/folders/dr/0yjch_bx0kjdlvx7fhnrzn700000gn/T/cells.jpg20151123-99926-1xs2lf3' '-resize' '120x120^^' '-gravity' 'Center' '-crop' '120x120+0+0' '+repage' '/var/folders/dr/0yjch_bx0kjdlvx7fhnrzn700000gn/T/dragonfly20151123-99926-1n346kk.jpg'
D, [2015-11-23T11:49:43.806349 #99926] DEBUG -- : DRAGONFLY: shell command: 'identify' '-ping' '-format' '%m %w %h' '/var/folders/dr/0yjch_bx0kjdlvx7fhnrzn700000gn/T/dragonfly20151123-99926-1n346kk.jpg'
D, [2015-11-23T12:03:50.854436 #318] DEBUG -- : DRAGONFLY: shell command: 'identify' '-ping' '-format' '%m %w %h' '/var/folders/dr/0yjch_bx0kjdlvx7fhnrzn700000gn/T/cells.jpg20151123-318-aw9g6u'
D, [2015-11-23T12:03:50.870410 #318] DEBUG -- : DRAGONFLY: shell command: 'convert' '/var/folders/dr/0yjch_bx0kjdlvx7fhnrzn700000gn/T/cells.jpg20151123-318-aw9g6u' '-resize' '120x120^^' '-gravity' 'Center' '-crop' '120x120+0+0' '+repage' '/var/folders/dr/0yjch_bx0kjdlvx7fhnrzn700000gn/T/dragonfly20151123-318-198ozsv.jpg'
D, [2015-11-23T12:03:50.888934 #318] DEBUG -- : DRAGONFLY: shell command: 'identify' '-ping' '-format' '%m %w %h' '/var/folders/dr/0yjch_bx0kjdlvx7fhnrzn700000gn/T/dragonfly20151123-318-198ozsv.jpg'
D, [2015-11-23T12:04:16.260464 #350] DEBUG -- : DRAGONFLY: shell command: 'identify' '-ping' '-format' '%m %w %h' '/var/folders/dr/0yjch_bx0kjdlvx7fhnrzn700000gn/T/cells.jpg20151123-350-4lsda5'
D, [2015-11-23T12:04:16.274479 #350] DEBUG -- : DRAGONFLY: shell command: 'convert' '/var/folders/dr/0yjch_bx0kjdlvx7fhnrzn700000gn/T/cells.jpg20151123-350-4lsda5' '-resize' '120x120^^' '-gravity' 'Center' '-crop' '120x120+0+0' '+repage' '/var/folders/dr/0yjch_bx0kjdlvx7fhnrzn700000gn/T/dragonfly20151123-350-bhn0yf.jpg'
D, [2015-11-23T12:04:16.294449 #350] DEBUG -- : DRAGONFLY: shell command: 'identify' '-ping' '-format' '%m %w %h' '/var/folders/dr/0yjch_bx0kjdlvx7fhnrzn700000gn/T/dragonfly20151123-350-bhn0yf.jpg'
D, [2015-11-23T12:05:46.226917 #439] DEBUG -- : DRAGONFLY: shell command: 'identify' '-ping' '-format' '%m %w %h' '/var/folders/dr/0yjch_bx0kjdlvx7fhnrzn700000gn/T/cells.jpg20151123-439-1vbve8w'
D, [2015-11-23T12:05:46.241264 #439] DEBUG -- : DRAGONFLY: shell command: 'convert' '/var/folders/dr/0yjch_bx0kjdlvx7fhnrzn700000gn/T/cells.jpg20151123-439-1vbve8w' '-resize' '120x120^^' '-gravity' 'Center' '-crop' '120x120+0+0' '+repage' '/var/folders/dr/0yjch_bx0kjdlvx7fhnrzn700000gn/T/dragonfly20151123-439-16mxksx.jpg'
D, [2015-11-23T12:05:46.261500 #439] DEBUG -- : DRAGONFLY: shell command: 'identify' '-ping' '-format' '%m %w %h' '/var/folders/dr/0yjch_bx0kjdlvx7fhnrzn700000gn/T/dragonfly20151123-439-16mxksx.jpg'
D, [2015-11-23T12:05:46.327268 #439] DEBUG -- : DRAGONFLY: shell command: 'identify' '-ping' '-format' '%m %w %h' '/var/folders/dr/0yjch_bx0kjdlvx7fhnrzn700000gn/T/cells.jpg20151123-439-1wls76s'
D, [2015-11-23T12:05:46.341259 #439] DEBUG -- : DRAGONFLY: shell command: 'convert' '/var/folders/dr/0yjch_bx0kjdlvx7fhnrzn700000gn/T/cells.jpg20151123-439-1wls76s' '-resize' '120x120^^' '-gravity' 'Center' '-crop' '120x120+0+0' '+repage' '/var/folders/dr/0yjch_bx0kjdlvx7fhnrzn700000gn/T/dragonfly20151123-439-14j26kp.jpg'
D, [2015-11-23T12:05:46.360396 #439] DEBUG -- : DRAGONFLY: shell command: 'identify' '-ping' '-format' '%m %w %h' '/var/folders/dr/0yjch_bx0kjdlvx7fhnrzn700000gn/T/dragonfly20151123-439-14j26kp.jpg'
D, [2015-11-23T12:06:53.487393 #513] DEBUG -- : DRAGONFLY: shell command: 'identify' '-ping' '-format' '%m %w %h' '/var/folders/dr/0yjch_bx0kjdlvx7fhnrzn700000gn/T/cells.jpg20151123-513-c2bbus'
D, [2015-11-23T12:06:53.503615 #513] DEBUG -- : DRAGONFLY: shell command: 'convert' '/var/folders/dr/0yjch_bx0kjdlvx7fhnrzn700000gn/T/cells.jpg20151123-513-c2bbus' '-resize' '120x120^^' '-gravity' 'Center' '-crop' '120x120+0+0' '+repage' '/var/folders/dr/0yjch_bx0kjdlvx7fhnrzn700000gn/T/dragonfly20151123-513-dvz663.jpg'
D, [2015-11-23T12:06:53.524497 #513] DEBUG -- : DRAGONFLY: shell command: 'identify' '-ping' '-format' '%m %w %h' '/var/folders/dr/0yjch_bx0kjdlvx7fhnrzn700000gn/T/dragonfly20151123-513-dvz663.jpg'
D, [2015-11-23T12:06:53.614990 #513] DEBUG -- : DRAGONFLY: shell command: 'identify' '-ping' '-format' '%m %w %h' '/var/folders/dr/0yjch_bx0kjdlvx7fhnrzn700000gn/T/cells.jpg20151123-513-7wprxr'
D, [2015-11-23T12:06:53.629019 #513] DEBUG -- : DRAGONFLY: shell command: 'convert' '/var/folders/dr/0yjch_bx0kjdlvx7fhnrzn700000gn/T/cells.jpg20151123-513-7wprxr' '-resize' '120x120^^' '-gravity' 'Center' '-crop' '120x120+0+0' '+repage' '/var/folders/dr/0yjch_bx0kjdlvx7fhnrzn700000gn/T/dragonfly20151123-513-12joci2.jpg'
D, [2015-11-23T12:06:53.647415 #513] DEBUG -- : DRAGONFLY: shell command: 'identify' '-ping' '-format' '%m %w %h' '/var/folders/dr/0yjch_bx0kjdlvx7fhnrzn700000gn/T/dragonfly20151123-513-12joci2.jpg'
D, [2015-11-23T12:07:42.184915 #572] DEBUG -- : DRAGONFLY: shell command: 'identify' '-ping' '-format' '%m %w %h' '/var/folders/dr/0yjch_bx0kjdlvx7fhnrzn700000gn/T/cells.jpg20151123-572-81gdr1'
D, [2015-11-23T12:07:42.199290 #572] DEBUG -- : DRAGONFLY: shell command: 'convert' '/var/folders/dr/0yjch_bx0kjdlvx7fhnrzn700000gn/T/cells.jpg20151123-572-81gdr1' '-resize' '120x120^^' '-gravity' 'Center' '-crop' '120x120+0+0' '+repage' '/var/folders/dr/0yjch_bx0kjdlvx7fhnrzn700000gn/T/dragonfly20151123-572-15fcgnh.jpg'
D, [2015-11-23T12:07:42.222068 #572] DEBUG -- : DRAGONFLY: shell command: 'identify' '-ping' '-format' '%m %w %h' '/var/folders/dr/0yjch_bx0kjdlvx7fhnrzn700000gn/T/dragonfly20151123-572-15fcgnh.jpg'
D, [2015-11-23T12:07:42.292446 #572] DEBUG -- : DRAGONFLY: shell command: 'identify' '-ping' '-format' '%m %w %h' '/var/folders/dr/0yjch_bx0kjdlvx7fhnrzn700000gn/T/cells.jpg20151123-572-bu3ngx'
D, [2015-11-23T12:07:42.306539 #572] DEBUG -- : DRAGONFLY: shell command: 'convert' '/var/folders/dr/0yjch_bx0kjdlvx7fhnrzn700000gn/T/cells.jpg20151123-572-bu3ngx' '-resize' '120x120^^' '-gravity' 'Center' '-crop' '120x120+0+0' '+repage' '/var/folders/dr/0yjch_bx0kjdlvx7fhnrzn700000gn/T/dragonfly20151123-572-fij4yr.jpg'
D, [2015-11-23T12:07:42.326349 #572] DEBUG -- : DRAGONFLY: shell command: 'identify' '-ping' '-format' '%m %w %h' '/var/folders/dr/0yjch_bx0kjdlvx7fhnrzn700000gn/T/dragonfly20151123-572-fij4yr.jpg'
D, [2015-11-23T12:09:59.493268 #635] DEBUG -- : DRAGONFLY: shell command: 'identify' '-ping' '-format' '%m %w %h' '/var/folders/dr/0yjch_bx0kjdlvx7fhnrzn700000gn/T/cells.jpg20151123-635-17minjd'
D, [2015-11-23T12:09:59.507479 #635] DEBUG -- : DRAGONFLY: shell command: 'convert' '/var/folders/dr/0yjch_bx0kjdlvx7fhnrzn700000gn/T/cells.jpg20151123-635-17minjd' '-resize' '120x120^^' '-gravity' 'Center' '-crop' '120x120+0+0' '+repage' '/var/folders/dr/0yjch_bx0kjdlvx7fhnrzn700000gn/T/dragonfly20151123-635-uxrwk6.jpg'
D, [2015-11-23T12:09:59.527769 #635] DEBUG -- : DRAGONFLY: shell command: 'identify' '-ping' '-format' '%m %w %h' '/var/folders/dr/0yjch_bx0kjdlvx7fhnrzn700000gn/T/dragonfly20151123-635-uxrwk6.jpg'
D, [2015-11-23T12:09:59.589022 #635] DEBUG -- : DRAGONFLY: shell command: 'identify' '-ping' '-format' '%m %w %h' '/var/folders/dr/0yjch_bx0kjdlvx7fhnrzn700000gn/T/cells.jpg20151123-635-ogqoum'
D, [2015-11-23T12:09:59.604425 #635] DEBUG -- : DRAGONFLY: shell command: 'convert' '/var/folders/dr/0yjch_bx0kjdlvx7fhnrzn700000gn/T/cells.jpg20151123-635-ogqoum' '-resize' '120x120^^' '-gravity' 'Center' '-crop' '120x120+0+0' '+repage' '/var/folders/dr/0yjch_bx0kjdlvx7fhnrzn700000gn/T/dragonfly20151123-635-1tbq09h.jpg'
D, [2015-11-23T12:09:59.623597 #635] DEBUG -- : DRAGONFLY: shell command: 'identify' '-ping' '-format' '%m %w %h' '/var/folders/dr/0yjch_bx0kjdlvx7fhnrzn700000gn/T/dragonfly20151123-635-1tbq09h.jpg'
D, [2015-11-23T12:15:00.266346 #716] DEBUG -- : DRAGONFLY: shell command: 'identify' '-ping' '-format' '%m %w %h' '/var/folders/dr/0yjch_bx0kjdlvx7fhnrzn700000gn/T/cells.jpg20151123-716-is55iq'
D, [2015-11-23T12:15:00.280266 #716] DEBUG -- : DRAGONFLY: shell command: 'convert' '/var/folders/dr/0yjch_bx0kjdlvx7fhnrzn700000gn/T/cells.jpg20151123-716-is55iq' '-resize' '120x120^^' '-gravity' 'Center' '-crop' '120x120+0+0' '+repage' '/var/folders/dr/0yjch_bx0kjdlvx7fhnrzn700000gn/T/dragonfly20151123-716-ebh4pw.jpg'
D, [2015-11-23T12:15:00.299676 #716] DEBUG -- : DRAGONFLY: shell command: 'identify' '-ping' '-format' '%m %w %h' '/var/folders/dr/0yjch_bx0kjdlvx7fhnrzn700000gn/T/dragonfly20151123-716-ebh4pw.jpg'
D, [2015-11-23T12:15:00.377874 #716] DEBUG -- : DRAGONFLY: shell command: 'identify' '-ping' '-format' '%m %w %h' '/var/folders/dr/0yjch_bx0kjdlvx7fhnrzn700000gn/T/cells.jpg20151123-716-1ldeis5'
D, [2015-11-23T12:15:00.390996 #716] DEBUG -- : DRAGONFLY: shell command: 'convert' '/var/folders/dr/0yjch_bx0kjdlvx7fhnrzn700000gn/T/cells.jpg20151123-716-1ldeis5' '-resize' '120x120^^' '-gravity' 'Center' '-crop' '120x120+0+0' '+repage' '/var/folders/dr/0yjch_bx0kjdlvx7fhnrzn700000gn/T/dragonfly20151123-716-1gj9teb.jpg'
D, [2015-11-23T12:15:00.411278 #716] DEBUG -- : DRAGONFLY: shell command: 'identify' '-ping' '-format' '%m %w %h' '/var/folders/dr/0yjch_bx0kjdlvx7fhnrzn700000gn/T/dragonfly20151123-716-1gj9teb.jpg'
D, [2015-11-23T12:15:34.598280 #755] DEBUG -- : DRAGONFLY: shell command: 'identify' '-ping' '-format' '%m %w %h' '/var/folders/dr/0yjch_bx0kjdlvx7fhnrzn700000gn/T/cells.jpg20151123-755-1g3kwwv'
D, [2015-11-23T12:15:34.612698 #755] DEBUG -- : DRAGONFLY: shell command: 'convert' '/var/folders/dr/0yjch_bx0kjdlvx7fhnrzn700000gn/T/cells.jpg20151123-755-1g3kwwv' '-resize' '120x120^^' '-gravity' 'Center' '-crop' '120x120+0+0' '+repage' '/var/folders/dr/0yjch_bx0kjdlvx7fhnrzn700000gn/T/dragonfly20151123-755-1ba9ls3.jpg'
D, [2015-11-23T12:15:34.636106 #755] DEBUG -- : DRAGONFLY: shell command: 'identify' '-ping' '-format' '%m %w %h' '/var/folders/dr/0yjch_bx0kjdlvx7fhnrzn700000gn/T/dragonfly20151123-755-1ba9ls3.jpg'
D, [2015-11-23T12:15:34.714975 #755] DEBUG -- : DRAGONFLY: shell command: 'identify' '-ping' '-format' '%m %w %h' '/var/folders/dr/0yjch_bx0kjdlvx7fhnrzn700000gn/T/cells.jpg20151123-755-1638iuz'
D, [2015-11-23T12:15:34.728773 #755] DEBUG -- : DRAGONFLY: shell command: 'convert' '/var/folders/dr/0yjch_bx0kjdlvx7fhnrzn700000gn/T/cells.jpg20151123-755-1638iuz' '-resize' '120x120^^' '-gravity' 'Center' '-crop' '120x120+0+0' '+repage' '/var/folders/dr/0yjch_bx0kjdlvx7fhnrzn700000gn/T/dragonfly20151123-755-199yt21.jpg'
D, [2015-11-23T12:15:34.750136 #755] DEBUG -- : DRAGONFLY: shell command: 'identify' '-ping' '-format' '%m %w %h' '/var/folders/dr/0yjch_bx0kjdlvx7fhnrzn700000gn/T/dragonfly20151123-755-199yt21.jpg'
D, [2015-11-23T18:43:44.906168 #5898] DEBUG -- : DRAGONFLY: shell command: 'identify' '-ping' '-format' '%m %w %h' '/var/folders/dr/0yjch_bx0kjdlvx7fhnrzn700000gn/T/cells.jpg20151123-5898-16c6ctr'
D, [2015-11-23T18:43:44.964513 #5898] DEBUG -- : DRAGONFLY: shell command: 'convert' '/var/folders/dr/0yjch_bx0kjdlvx7fhnrzn700000gn/T/cells.jpg20151123-5898-16c6ctr' '-resize' '120x120^^' '-gravity' 'Center' '-crop' '120x120+0+0' '+repage' '/var/folders/dr/0yjch_bx0kjdlvx7fhnrzn700000gn/T/dragonfly20151123-5898-1371dp.jpg'
D, [2015-11-23T18:43:44.990411 #5898] DEBUG -- : DRAGONFLY: shell command: 'identify' '-ping' '-format' '%m %w %h' '/var/folders/dr/0yjch_bx0kjdlvx7fhnrzn700000gn/T/dragonfly20151123-5898-1371dp.jpg'
D, [2015-11-23T18:43:45.070067 #5898] DEBUG -- : DRAGONFLY: shell command: 'identify' '-ping' '-format' '%m %w %h' '/var/folders/dr/0yjch_bx0kjdlvx7fhnrzn700000gn/T/cells.jpg20151123-5898-1dbzgc1'
D, [2015-11-23T18:43:45.083394 #5898] DEBUG -- : DRAGONFLY: shell command: 'convert' '/var/folders/dr/0yjch_bx0kjdlvx7fhnrzn700000gn/T/cells.jpg20151123-5898-1dbzgc1' '-resize' '120x120^^' '-gravity' 'Center' '-crop' '120x120+0+0' '+repage' '/var/folders/dr/0yjch_bx0kjdlvx7fhnrzn700000gn/T/dragonfly20151123-5898-ejp2lc.jpg'
D, [2015-11-23T18:43:45.103911 #5898] DEBUG -- : DRAGONFLY: shell command: 'identify' '-ping' '-format' '%m %w %h' '/var/folders/dr/0yjch_bx0kjdlvx7fhnrzn700000gn/T/dragonfly20151123-5898-ejp2lc.jpg'
D, [2015-11-23T18:44:16.737800 #5933] DEBUG -- : DRAGONFLY: shell command: 'identify' '-ping' '-format' '%m %w %h' '/var/folders/dr/0yjch_bx0kjdlvx7fhnrzn700000gn/T/cells.jpg20151123-5933-112porj'
D, [2015-11-23T18:44:16.752146 #5933] DEBUG -- : DRAGONFLY: shell command: 'convert' '/var/folders/dr/0yjch_bx0kjdlvx7fhnrzn700000gn/T/cells.jpg20151123-5933-112porj' '-resize' '120x120^^' '-gravity' 'Center' '-crop' '120x120+0+0' '+repage' '/var/folders/dr/0yjch_bx0kjdlvx7fhnrzn700000gn/T/dragonfly20151123-5933-1dlmxrh.jpg'
D, [2015-11-23T18:44:16.772849 #5933] DEBUG -- : DRAGONFLY: shell command: 'identify' '-ping' '-format' '%m %w %h' '/var/folders/dr/0yjch_bx0kjdlvx7fhnrzn700000gn/T/dragonfly20151123-5933-1dlmxrh.jpg'
D, [2015-11-23T18:44:16.857207 #5933] DEBUG -- : DRAGONFLY: shell command: 'identify' '-ping' '-format' '%m %w %h' '/var/folders/dr/0yjch_bx0kjdlvx7fhnrzn700000gn/T/cells.jpg20151123-5933-ou7cv3'
D, [2015-11-23T18:44:16.870901 #5933] DEBUG -- : DRAGONFLY: shell command: 'convert' '/var/folders/dr/0yjch_bx0kjdlvx7fhnrzn700000gn/T/cells.jpg20151123-5933-ou7cv3' '-resize' '120x120^^' '-gravity' 'Center' '-crop' '120x120+0+0' '+repage' '/var/folders/dr/0yjch_bx0kjdlvx7fhnrzn700000gn/T/dragonfly20151123-5933-1tnsi6f.jpg'
D, [2015-11-23T18:44:16.892187 #5933] DEBUG -- : DRAGONFLY: shell command: 'identify' '-ping' '-format' '%m %w %h' '/var/folders/dr/0yjch_bx0kjdlvx7fhnrzn700000gn/T/dragonfly20151123-5933-1tnsi6f.jpg'
D, [2015-11-23T18:49:32.655053 #6052] DEBUG -- : DRAGONFLY: shell command: 'identify' '-ping' '-format' '%m %w %h' '/var/folders/dr/0yjch_bx0kjdlvx7fhnrzn700000gn/T/cells.jpg20151123-6052-hxry8j'
D, [2015-11-23T18:49:32.672140 #6052] DEBUG -- : DRAGONFLY: shell command: 'convert' '/var/folders/dr/0yjch_bx0kjdlvx7fhnrzn700000gn/T/cells.jpg20151123-6052-hxry8j' '-resize' '120x120^^' '-gravity' 'Center' '-crop' '120x120+0+0' '+repage' '/var/folders/dr/0yjch_bx0kjdlvx7fhnrzn700000gn/T/dragonfly20151123-6052-40dbs0.jpg'
D, [2015-11-23T18:49:32.693116 #6052] DEBUG -- : DRAGONFLY: shell command: 'identify' '-ping' '-format' '%m %w %h' '/var/folders/dr/0yjch_bx0kjdlvx7fhnrzn700000gn/T/dragonfly20151123-6052-40dbs0.jpg'
D, [2015-11-23T18:49:32.776968 #6052] DEBUG -- : DRAGONFLY: shell command: 'identify' '-ping' '-format' '%m %w %h' '/var/folders/dr/0yjch_bx0kjdlvx7fhnrzn700000gn/T/cells.jpg20151123-6052-114k1i3'
D, [2015-11-23T18:49:32.790471 #6052] DEBUG -- : DRAGONFLY: shell command: 'convert' '/var/folders/dr/0yjch_bx0kjdlvx7fhnrzn700000gn/T/cells.jpg20151123-6052-114k1i3' '-resize' '120x120^^' '-gravity' 'Center' '-crop' '120x120+0+0' '+repage' '/var/folders/dr/0yjch_bx0kjdlvx7fhnrzn700000gn/T/dragonfly20151123-6052-7u4zl9.jpg'
D, [2015-11-23T18:49:32.811857 #6052] DEBUG -- : DRAGONFLY: shell command: 'identify' '-ping' '-format' '%m %w %h' '/var/folders/dr/0yjch_bx0kjdlvx7fhnrzn700000gn/T/dragonfly20151123-6052-7u4zl9.jpg'
D, [2015-11-23T19:36:10.091232 #6968] DEBUG -- : DRAGONFLY: shell command: 'identify' '-ping' '-format' '%m %w %h' '/var/folders/dr/0yjch_bx0kjdlvx7fhnrzn700000gn/T/cells.jpg20151123-6968-izs65k'
D, [2015-11-23T19:36:10.106581 #6968] DEBUG -- : DRAGONFLY: shell command: 'convert' '/var/folders/dr/0yjch_bx0kjdlvx7fhnrzn700000gn/T/cells.jpg20151123-6968-izs65k' '-resize' '120x120^^' '-gravity' 'Center' '-crop' '120x120+0+0' '+repage' '/var/folders/dr/0yjch_bx0kjdlvx7fhnrzn700000gn/T/dragonfly20151123-6968-1hh7270.jpg'
D, [2015-11-23T19:36:10.128262 #6968] DEBUG -- : DRAGONFLY: shell command: 'identify' '-ping' '-format' '%m %w %h' '/var/folders/dr/0yjch_bx0kjdlvx7fhnrzn700000gn/T/dragonfly20151123-6968-1hh7270.jpg'
D, [2015-11-23T19:36:10.208408 #6968] DEBUG -- : DRAGONFLY: shell command: 'identify' '-ping' '-format' '%m %w %h' '/var/folders/dr/0yjch_bx0kjdlvx7fhnrzn700000gn/T/cells.jpg20151123-6968-1ysry8c'
D, [2015-11-23T19:36:10.222638 #6968] DEBUG -- : DRAGONFLY: shell command: 'convert' '/var/folders/dr/0yjch_bx0kjdlvx7fhnrzn700000gn/T/cells.jpg20151123-6968-1ysry8c' '-resize' '120x120^^' '-gravity' 'Center' '-crop' '120x120+0+0' '+repage' '/var/folders/dr/0yjch_bx0kjdlvx7fhnrzn700000gn/T/dragonfly20151123-6968-1qm5zqq.jpg'
D, [2015-11-23T19:36:10.242674 #6968] DEBUG -- : DRAGONFLY: shell command: 'identify' '-ping' '-format' '%m %w %h' '/var/folders/dr/0yjch_bx0kjdlvx7fhnrzn700000gn/T/dragonfly20151123-6968-1qm5zqq.jpg'
D, [2015-11-23T19:53:46.841323 #7855] DEBUG -- : DRAGONFLY: shell command: 'identify' '-ping' '-format' '%m %w %h' '/var/folders/dr/0yjch_bx0kjdlvx7fhnrzn700000gn/T/cells.jpg20151123-7855-1qjea2t'
D, [2015-11-23T19:53:46.855836 #7855] DEBUG -- : DRAGONFLY: shell command: 'convert' '/var/folders/dr/0yjch_bx0kjdlvx7fhnrzn700000gn/T/cells.jpg20151123-7855-1qjea2t' '-resize' '120x120^^' '-gravity' 'Center' '-crop' '120x120+0+0' '+repage' '/var/folders/dr/0yjch_bx0kjdlvx7fhnrzn700000gn/T/dragonfly20151123-7855-h8o0t6.jpg'
D, [2015-11-23T19:53:46.877674 #7855] DEBUG -- : DRAGONFLY: shell command: 'identify' '-ping' '-format' '%m %w %h' '/var/folders/dr/0yjch_bx0kjdlvx7fhnrzn700000gn/T/dragonfly20151123-7855-h8o0t6.jpg'
D, [2015-11-23T19:53:46.965611 #7855] DEBUG -- : DRAGONFLY: shell command: 'identify' '-ping' '-format' '%m %w %h' '/var/folders/dr/0yjch_bx0kjdlvx7fhnrzn700000gn/T/cells.jpg20151123-7855-vs04pq'
D, [2015-11-23T19:53:46.982523 #7855] DEBUG -- : DRAGONFLY: shell command: 'convert' '/var/folders/dr/0yjch_bx0kjdlvx7fhnrzn700000gn/T/cells.jpg20151123-7855-vs04pq' '-resize' '120x120^^' '-gravity' 'Center' '-crop' '120x120+0+0' '+repage' '/var/folders/dr/0yjch_bx0kjdlvx7fhnrzn700000gn/T/dragonfly20151123-7855-15ba83e.jpg'
D, [2015-11-23T19:53:47.003693 #7855] DEBUG -- : DRAGONFLY: shell command: 'identify' '-ping' '-format' '%m %w %h' '/var/folders/dr/0yjch_bx0kjdlvx7fhnrzn700000gn/T/dragonfly20151123-7855-15ba83e.jpg'
D, [2015-11-23T19:55:07.442851 #7916] DEBUG -- : DRAGONFLY: shell command: 'identify' '-ping' '-format' '%m %w %h' '/var/folders/dr/0yjch_bx0kjdlvx7fhnrzn700000gn/T/cells.jpg20151123-7916-p5s1fy'
D, [2015-11-23T19:55:07.457467 #7916] DEBUG -- : DRAGONFLY: shell command: 'convert' '/var/folders/dr/0yjch_bx0kjdlvx7fhnrzn700000gn/T/cells.jpg20151123-7916-p5s1fy' '-resize' '120x120^^' '-gravity' 'Center' '-crop' '120x120+0+0' '+repage' '/var/folders/dr/0yjch_bx0kjdlvx7fhnrzn700000gn/T/dragonfly20151123-7916-z9yv41.jpg'
D, [2015-11-23T19:55:07.479110 #7916] DEBUG -- : DRAGONFLY: shell command: 'identify' '-ping' '-format' '%m %w %h' '/var/folders/dr/0yjch_bx0kjdlvx7fhnrzn700000gn/T/dragonfly20151123-7916-z9yv41.jpg'
D, [2015-11-23T19:55:07.567474 #7916] DEBUG -- : DRAGONFLY: shell command: 'identify' '-ping' '-format' '%m %w %h' '/var/folders/dr/0yjch_bx0kjdlvx7fhnrzn700000gn/T/cells.jpg20151123-7916-nfost6'
D, [2015-11-23T19:55:07.581482 #7916] DEBUG -- : DRAGONFLY: shell command: 'convert' '/var/folders/dr/0yjch_bx0kjdlvx7fhnrzn700000gn/T/cells.jpg20151123-7916-nfost6' '-resize' '120x120^^' '-gravity' 'Center' '-crop' '120x120+0+0' '+repage' '/var/folders/dr/0yjch_bx0kjdlvx7fhnrzn700000gn/T/dragonfly20151123-7916-1a64s4a.jpg'
D, [2015-11-23T19:55:07.602521 #7916] DEBUG -- : DRAGONFLY: shell command: 'identify' '-ping' '-format' '%m %w %h' '/var/folders/dr/0yjch_bx0kjdlvx7fhnrzn700000gn/T/dragonfly20151123-7916-1a64s4a.jpg'
D, [2015-11-23T19:55:49.057553 #7954] DEBUG -- : DRAGONFLY: shell command: 'identify' '-ping' '-format' '%m %w %h' '/var/folders/dr/0yjch_bx0kjdlvx7fhnrzn700000gn/T/cells.jpg20151123-7954-32als4'
D, [2015-11-23T19:55:49.074646 #7954] DEBUG -- : DRAGONFLY: shell command: 'convert' '/var/folders/dr/0yjch_bx0kjdlvx7fhnrzn700000gn/T/cells.jpg20151123-7954-32als4' '-resize' '120x120^^' '-gravity' 'Center' '-crop' '120x120+0+0' '+repage' '/var/folders/dr/0yjch_bx0kjdlvx7fhnrzn700000gn/T/dragonfly20151123-7954-1qtax17.jpg'
D, [2015-11-23T19:55:49.095193 #7954] DEBUG -- : DRAGONFLY: shell command: 'identify' '-ping' '-format' '%m %w %h' '/var/folders/dr/0yjch_bx0kjdlvx7fhnrzn700000gn/T/dragonfly20151123-7954-1qtax17.jpg'
D, [2015-11-23T19:55:49.180699 #7954] DEBUG -- : DRAGONFLY: shell command: 'identify' '-ping' '-format' '%m %w %h' '/var/folders/dr/0yjch_bx0kjdlvx7fhnrzn700000gn/T/cells.jpg20151123-7954-1f3p6p3'
D, [2015-11-23T19:55:49.195915 #7954] DEBUG -- : DRAGONFLY: shell command: 'convert' '/var/folders/dr/0yjch_bx0kjdlvx7fhnrzn700000gn/T/cells.jpg20151123-7954-1f3p6p3' '-resize' '120x120^^' '-gravity' 'Center' '-crop' '120x120+0+0' '+repage' '/var/folders/dr/0yjch_bx0kjdlvx7fhnrzn700000gn/T/dragonfly20151123-7954-ob6m6h.jpg'
D, [2015-11-23T19:55:49.216824 #7954] DEBUG -- : DRAGONFLY: shell command: 'identify' '-ping' '-format' '%m %w %h' '/var/folders/dr/0yjch_bx0kjdlvx7fhnrzn700000gn/T/dragonfly20151123-7954-ob6m6h.jpg'
D, [2015-11-23T20:00:12.979068 #8118] DEBUG -- : DRAGONFLY: shell command: 'identify' '-ping' '-format' '%m %w %h' '/var/folders/dr/0yjch_bx0kjdlvx7fhnrzn700000gn/T/cells.jpg20151123-8118-3q2c0t'
D, [2015-11-23T20:00:12.994022 #8118] DEBUG -- : DRAGONFLY: shell command: 'convert' '/var/folders/dr/0yjch_bx0kjdlvx7fhnrzn700000gn/T/cells.jpg20151123-8118-3q2c0t' '-resize' '120x120^^' '-gravity' 'Center' '-crop' '120x120+0+0' '+repage' '/var/folders/dr/0yjch_bx0kjdlvx7fhnrzn700000gn/T/dragonfly20151123-8118-pevfsh.jpg'
D, [2015-11-23T20:00:13.015369 #8118] DEBUG -- : DRAGONFLY: shell command: 'identify' '-ping' '-format' '%m %w %h' '/var/folders/dr/0yjch_bx0kjdlvx7fhnrzn700000gn/T/dragonfly20151123-8118-pevfsh.jpg'
D, [2015-11-23T20:00:13.101867 #8118] DEBUG -- : DRAGONFLY: shell command: 'identify' '-ping' '-format' '%m %w %h' '/var/folders/dr/0yjch_bx0kjdlvx7fhnrzn700000gn/T/cells.jpg20151123-8118-jxcjwp'
D, [2015-11-23T20:00:13.118745 #8118] DEBUG -- : DRAGONFLY: shell command: 'convert' '/var/folders/dr/0yjch_bx0kjdlvx7fhnrzn700000gn/T/cells.jpg20151123-8118-jxcjwp' '-resize' '120x120^^' '-gravity' 'Center' '-crop' '120x120+0+0' '+repage' '/var/folders/dr/0yjch_bx0kjdlvx7fhnrzn700000gn/T/dragonfly20151123-8118-1nzrbk9.jpg'
D, [2015-11-23T20:00:13.140273 #8118] DEBUG -- : DRAGONFLY: shell command: 'identify' '-ping' '-format' '%m %w %h' '/var/folders/dr/0yjch_bx0kjdlvx7fhnrzn700000gn/T/dragonfly20151123-8118-1nzrbk9.jpg'
D, [2015-11-23T20:01:23.684083 #8267] DEBUG -- : DRAGONFLY: shell command: 'identify' '-ping' '-format' '%m %w %h' '/var/folders/dr/0yjch_bx0kjdlvx7fhnrzn700000gn/T/cells.jpg20151123-8267-1lx02ph'
D, [2015-11-23T20:01:23.697936 #8267] DEBUG -- : DRAGONFLY: shell command: 'convert' '/var/folders/dr/0yjch_bx0kjdlvx7fhnrzn700000gn/T/cells.jpg20151123-8267-1lx02ph' '-resize' '120x120^^' '-gravity' 'Center' '-crop' '120x120+0+0' '+repage' '/var/folders/dr/0yjch_bx0kjdlvx7fhnrzn700000gn/T/dragonfly20151123-8267-1ss38q9.jpg'
D, [2015-11-23T20:01:23.719810 #8267] DEBUG -- : DRAGONFLY: shell command: 'identify' '-ping' '-format' '%m %w %h' '/var/folders/dr/0yjch_bx0kjdlvx7fhnrzn700000gn/T/dragonfly20151123-8267-1ss38q9.jpg'
D, [2015-11-23T20:01:23.806135 #8267] DEBUG -- : DRAGONFLY: shell command: 'identify' '-ping' '-format' '%m %w %h' '/var/folders/dr/0yjch_bx0kjdlvx7fhnrzn700000gn/T/cells.jpg20151123-8267-fpjl7v'
D, [2015-11-23T20:01:23.819710 #8267] DEBUG -- : DRAGONFLY: shell command: 'convert' '/var/folders/dr/0yjch_bx0kjdlvx7fhnrzn700000gn/T/cells.jpg20151123-8267-fpjl7v' '-resize' '120x120^^' '-gravity' 'Center' '-crop' '120x120+0+0' '+repage' '/var/folders/dr/0yjch_bx0kjdlvx7fhnrzn700000gn/T/dragonfly20151123-8267-x3306z.jpg'
D, [2015-11-23T20:01:23.840201 #8267] DEBUG -- : DRAGONFLY: shell command: 'identify' '-ping' '-format' '%m %w %h' '/var/folders/dr/0yjch_bx0kjdlvx7fhnrzn700000gn/T/dragonfly20151123-8267-x3306z.jpg'
D, [2015-11-23T20:02:30.093783 #8455] DEBUG -- : DRAGONFLY: shell command: 'identify' '-ping' '-format' '%m %w %h' '/var/folders/dr/0yjch_bx0kjdlvx7fhnrzn700000gn/T/cells.jpg20151123-8455-kzo78d'
D, [2015-11-23T20:02:30.107803 #8455] DEBUG -- : DRAGONFLY: shell command: 'convert' '/var/folders/dr/0yjch_bx0kjdlvx7fhnrzn700000gn/T/cells.jpg20151123-8455-kzo78d' '-resize' '120x120^^' '-gravity' 'Center' '-crop' '120x120+0+0' '+repage' '/var/folders/dr/0yjch_bx0kjdlvx7fhnrzn700000gn/T/dragonfly20151123-8455-1ho3lx1.jpg'
D, [2015-11-23T20:02:30.128397 #8455] DEBUG -- : DRAGONFLY: shell command: 'identify' '-ping' '-format' '%m %w %h' '/var/folders/dr/0yjch_bx0kjdlvx7fhnrzn700000gn/T/dragonfly20151123-8455-1ho3lx1.jpg'
D, [2015-11-23T20:02:30.218137 #8455] DEBUG -- : DRAGONFLY: shell command: 'identify' '-ping' '-format' '%m %w %h' '/var/folders/dr/0yjch_bx0kjdlvx7fhnrzn700000gn/T/cells.jpg20151123-8455-1sh4xf9'
D, [2015-11-23T20:02:30.234882 #8455] DEBUG -- : DRAGONFLY: shell command: 'convert' '/var/folders/dr/0yjch_bx0kjdlvx7fhnrzn700000gn/T/cells.jpg20151123-8455-1sh4xf9' '-resize' '120x120^^' '-gravity' 'Center' '-crop' '120x120+0+0' '+repage' '/var/folders/dr/0yjch_bx0kjdlvx7fhnrzn700000gn/T/dragonfly20151123-8455-z9flel.jpg'
D, [2015-11-23T20:02:30.255329 #8455] DEBUG -- : DRAGONFLY: shell command: 'identify' '-ping' '-format' '%m %w %h' '/var/folders/dr/0yjch_bx0kjdlvx7fhnrzn700000gn/T/dragonfly20151123-8455-z9flel.jpg'
D, [2015-11-23T20:08:00.966211 #8762] DEBUG -- : DRAGONFLY: shell command: 'identify' '-ping' '-format' '%m %w %h' '/var/folders/dr/0yjch_bx0kjdlvx7fhnrzn700000gn/T/cells.jpg20151123-8762-k9ziqv'
D, [2015-11-23T20:08:00.980220 #8762] DEBUG -- : DRAGONFLY: shell command: 'convert' '/var/folders/dr/0yjch_bx0kjdlvx7fhnrzn700000gn/T/cells.jpg20151123-8762-k9ziqv' '-resize' '120x120^^' '-gravity' 'Center' '-crop' '120x120+0+0' '+repage' '/var/folders/dr/0yjch_bx0kjdlvx7fhnrzn700000gn/T/dragonfly20151123-8762-nx0rbk.jpg'
D, [2015-11-23T20:08:01.001751 #8762] DEBUG -- : DRAGONFLY: shell command: 'identify' '-ping' '-format' '%m %w %h' '/var/folders/dr/0yjch_bx0kjdlvx7fhnrzn700000gn/T/dragonfly20151123-8762-nx0rbk.jpg'
D, [2015-11-23T20:08:01.095937 #8762] DEBUG -- : DRAGONFLY: shell command: 'identify' '-ping' '-format' '%m %w %h' '/var/folders/dr/0yjch_bx0kjdlvx7fhnrzn700000gn/T/cells.jpg20151123-8762-1877c27'
D, [2015-11-23T20:08:01.110773 #8762] DEBUG -- : DRAGONFLY: shell command: 'convert' '/var/folders/dr/0yjch_bx0kjdlvx7fhnrzn700000gn/T/cells.jpg20151123-8762-1877c27' '-resize' '120x120^^' '-gravity' 'Center' '-crop' '120x120+0+0' '+repage' '/var/folders/dr/0yjch_bx0kjdlvx7fhnrzn700000gn/T/dragonfly20151123-8762-1mrxmc6.jpg'
D, [2015-11-23T20:08:01.129856 #8762] DEBUG -- : DRAGONFLY: shell command: 'identify' '-ping' '-format' '%m %w %h' '/var/folders/dr/0yjch_bx0kjdlvx7fhnrzn700000gn/T/dragonfly20151123-8762-1mrxmc6.jpg'
D, [2015-11-23T20:10:07.334662 #8813] DEBUG -- : DRAGONFLY: shell command: 'identify' '-ping' '-format' '%m %w %h' '/var/folders/dr/0yjch_bx0kjdlvx7fhnrzn700000gn/T/cells.jpg20151123-8813-1g2mehv'
D, [2015-11-23T20:10:07.350180 #8813] DEBUG -- : DRAGONFLY: shell command: 'convert' '/var/folders/dr/0yjch_bx0kjdlvx7fhnrzn700000gn/T/cells.jpg20151123-8813-1g2mehv' '-resize' '120x120^^' '-gravity' 'Center' '-crop' '120x120+0+0' '+repage' '/var/folders/dr/0yjch_bx0kjdlvx7fhnrzn700000gn/T/dragonfly20151123-8813-gvrecs.jpg'
D, [2015-11-23T20:10:07.371934 #8813] DEBUG -- : DRAGONFLY: shell command: 'identify' '-ping' '-format' '%m %w %h' '/var/folders/dr/0yjch_bx0kjdlvx7fhnrzn700000gn/T/dragonfly20151123-8813-gvrecs.jpg'
D, [2015-11-23T20:10:07.453307 #8813] DEBUG -- : DRAGONFLY: shell command: 'identify' '-ping' '-format' '%m %w %h' '/var/folders/dr/0yjch_bx0kjdlvx7fhnrzn700000gn/T/cells.jpg20151123-8813-1n5r2w3'
D, [2015-11-23T20:10:07.466704 #8813] DEBUG -- : DRAGONFLY: shell command: 'convert' '/var/folders/dr/0yjch_bx0kjdlvx7fhnrzn700000gn/T/cells.jpg20151123-8813-1n5r2w3' '-resize' '120x120^^' '-gravity' 'Center' '-crop' '120x120+0+0' '+repage' '/var/folders/dr/0yjch_bx0kjdlvx7fhnrzn700000gn/T/dragonfly20151123-8813-gpovza.jpg'
D, [2015-11-23T20:10:07.486950 #8813] DEBUG -- : DRAGONFLY: shell command: 'identify' '-ping' '-format' '%m %w %h' '/var/folders/dr/0yjch_bx0kjdlvx7fhnrzn700000gn/T/dragonfly20151123-8813-gpovza.jpg'
D, [2015-11-23T20:28:43.756896 #9090] DEBUG -- : DRAGONFLY: shell command: 'identify' '-ping' '-format' '%m %w %h' '/var/folders/dr/0yjch_bx0kjdlvx7fhnrzn700000gn/T/cells.jpg20151123-9090-1jdeu5t'
D, [2015-11-23T20:28:43.803485 #9090] DEBUG -- : DRAGONFLY: shell command: 'convert' '/var/folders/dr/0yjch_bx0kjdlvx7fhnrzn700000gn/T/cells.jpg20151123-9090-1jdeu5t' '-resize' '120x120^^' '-gravity' 'Center' '-crop' '120x120+0+0' '+repage' '/var/folders/dr/0yjch_bx0kjdlvx7fhnrzn700000gn/T/dragonfly20151123-9090-1b5q1yi.jpg'
D, [2015-11-23T20:28:43.828570 #9090] DEBUG -- : DRAGONFLY: shell command: 'identify' '-ping' '-format' '%m %w %h' '/var/folders/dr/0yjch_bx0kjdlvx7fhnrzn700000gn/T/dragonfly20151123-9090-1b5q1yi.jpg'
D, [2015-11-23T20:28:43.907738 #9090] DEBUG -- : DRAGONFLY: shell command: 'identify' '-ping' '-format' '%m %w %h' '/var/folders/dr/0yjch_bx0kjdlvx7fhnrzn700000gn/T/cells.jpg20151123-9090-1q6571p'
D, [2015-11-23T20:28:43.922132 #9090] DEBUG -- : DRAGONFLY: shell command: 'convert' '/var/folders/dr/0yjch_bx0kjdlvx7fhnrzn700000gn/T/cells.jpg20151123-9090-1q6571p' '-resize' '120x120^^' '-gravity' 'Center' '-crop' '120x120+0+0' '+repage' '/var/folders/dr/0yjch_bx0kjdlvx7fhnrzn700000gn/T/dragonfly20151123-9090-1y9qtsy.jpg'
D, [2015-11-23T20:28:43.943151 #9090] DEBUG -- : DRAGONFLY: shell command: 'identify' '-ping' '-format' '%m %w %h' '/var/folders/dr/0yjch_bx0kjdlvx7fhnrzn700000gn/T/dragonfly20151123-9090-1y9qtsy.jpg'
D, [2015-11-23T20:29:40.540932 #9169] DEBUG -- : DRAGONFLY: shell command: 'identify' '-ping' '-format' '%m %w %h' '/var/folders/dr/0yjch_bx0kjdlvx7fhnrzn700000gn/T/cells.jpg20151123-9169-12atjhs'
D, [2015-11-23T20:29:40.555360 #9169] DEBUG -- : DRAGONFLY: shell command: 'convert' '/var/folders/dr/0yjch_bx0kjdlvx7fhnrzn700000gn/T/cells.jpg20151123-9169-12atjhs' '-resize' '120x120^^' '-gravity' 'Center' '-crop' '120x120+0+0' '+repage' '/var/folders/dr/0yjch_bx0kjdlvx7fhnrzn700000gn/T/dragonfly20151123-9169-z9dqze.jpg'
D, [2015-11-23T20:29:40.574906 #9169] DEBUG -- : DRAGONFLY: shell command: 'identify' '-ping' '-format' '%m %w %h' '/var/folders/dr/0yjch_bx0kjdlvx7fhnrzn700000gn/T/dragonfly20151123-9169-z9dqze.jpg'
D, [2015-11-23T20:29:40.659208 #9169] DEBUG -- : DRAGONFLY: shell command: 'identify' '-ping' '-format' '%m %w %h' '/var/folders/dr/0yjch_bx0kjdlvx7fhnrzn700000gn/T/cells.jpg20151123-9169-ag94c6'
D, [2015-11-23T20:29:40.674608 #9169] DEBUG -- : DRAGONFLY: shell command: 'convert' '/var/folders/dr/0yjch_bx0kjdlvx7fhnrzn700000gn/T/cells.jpg20151123-9169-ag94c6' '-resize' '120x120^^' '-gravity' 'Center' '-crop' '120x120+0+0' '+repage' '/var/folders/dr/0yjch_bx0kjdlvx7fhnrzn700000gn/T/dragonfly20151123-9169-1hh4k2w.jpg'
D, [2015-11-23T20:29:40.697683 #9169] DEBUG -- : DRAGONFLY: shell command: 'identify' '-ping' '-format' '%m %w %h' '/var/folders/dr/0yjch_bx0kjdlvx7fhnrzn700000gn/T/dragonfly20151123-9169-1hh4k2w.jpg'
